Uninstalled 4 packages in 2ms
Installed 4 packages in 2ms
2025-12-11 23:35:33.902 WARNING (SyncWorker_0) [annotatedyaml.constructors] YAML file /home/keith/ws/adaptive_hvac/.dev_config/configuration.yaml contains duplicate key "frontend". Check lines 3 and 16
2025-12-11 23:35:33.904 WARNING (SyncWorker_0) [homeassistant.loader] We found a custom integration adaptive_hvac which has not been tested by Home Assistant. This component might cause stability problems, be sure to disable it if you experience issues with Home Assistant
2025-12-11 23:35:34.253 INFO (MainThread) [homeassistant.setup] Setting up system_log
2025-12-11 23:35:34.276 INFO (MainThread) [homeassistant.setup] Setup of domain http took 0.02 seconds
2025-12-11 23:35:34.277 INFO (MainThread) [homeassistant.setup] Setup of domain logger took 0.02 seconds
2025-12-11 23:35:34.277 INFO (MainThread) [homeassistant.setup] Setting up websocket_api
2025-12-11 23:35:34.277 INFO (MainThread) [homeassistant.setup] Setup of domain websocket_api took 0.00 seconds
2025-12-11 23:35:34.277 INFO (MainThread) [homeassistant.setup] Setup of domain system_log took 0.02 seconds
2025-12-11 23:35:34.277 INFO (MainThread) [homeassistant.setup] Setting up network
2025-12-11 23:35:34.278 INFO (MainThread) [homeassistant.setup] Setup of domain network took 0.00 seconds
2025-12-11 23:35:34.278 INFO (MainThread) [homeassistant.bootstrap] Setting up stage labs: {'labs'}; already set up: {}
Dependencies: {}; already set up: {}
2025-12-11 23:35:34.278 INFO (MainThread) [homeassistant.setup] Setting up labs
2025-12-11 23:35:34.278 INFO (MainThread) [homeassistant.setup] Setup of domain labs took 0.00 seconds
2025-12-11 23:35:34.278 INFO (MainThread) [homeassistant.bootstrap] Setting up stage frontend: {'frontend'}; already set up: {}
Dependencies: {'auth', 'repairs', 'search', 'config', 'device_automation', 'diagnostics', 'api', 'file_upload', 'lovelace', 'onboarding'}; already set up: {'system_log', 'websocket_api', 'http'}
2025-12-11 23:35:34.278 INFO (MainThread) [homeassistant.setup] Setting up auth
2025-12-11 23:35:34.279 INFO (MainThread) [homeassistant.setup] Setup of domain auth took 0.00 seconds
2025-12-11 23:35:34.279 INFO (MainThread) [homeassistant.setup] Setting up repairs
2025-12-11 23:35:34.279 INFO (MainThread) [homeassistant.setup] Setup of domain repairs took 0.00 seconds
2025-12-11 23:35:34.279 INFO (MainThread) [homeassistant.setup] Setting up search
2025-12-11 23:35:34.279 INFO (MainThread) [homeassistant.setup] Setup of domain search took 0.00 seconds
2025-12-11 23:35:34.279 INFO (MainThread) [homeassistant.setup] Setting up config
2025-12-11 23:35:34.280 INFO (MainThread) [homeassistant.setup] Setup of domain config took 0.00 seconds
2025-12-11 23:35:34.280 INFO (MainThread) [homeassistant.setup] Setting up device_automation
2025-12-11 23:35:34.280 INFO (MainThread) [homeassistant.setup] Setup of domain device_automation took 0.00 seconds
2025-12-11 23:35:34.280 INFO (MainThread) [homeassistant.setup] Setting up diagnostics
2025-12-11 23:35:34.280 INFO (MainThread) [homeassistant.setup] Setup of domain diagnostics took 0.00 seconds
2025-12-11 23:35:34.280 INFO (MainThread) [homeassistant.setup] Setting up api
2025-12-11 23:35:34.281 INFO (MainThread) [homeassistant.setup] Setup of domain api took 0.00 seconds
2025-12-11 23:35:34.281 INFO (MainThread) [homeassistant.setup] Setting up onboarding
2025-12-11 23:35:34.281 INFO (MainThread) [homeassistant.setup] Setup of domain onboarding took 0.00 seconds
2025-12-11 23:35:34.281 INFO (MainThread) [homeassistant.setup] Setting up lovelace
2025-12-11 23:35:34.281 INFO (MainThread) [homeassistant.setup] Setting up file_upload
2025-12-11 23:35:34.281 INFO (MainThread) [homeassistant.setup] Setup of domain file_upload took 0.00 seconds
2025-12-11 23:35:34.282 INFO (MainThread) [homeassistant.setup] Setup of domain lovelace took 0.00 seconds
2025-12-11 23:35:34.282 INFO (MainThread) [homeassistant.setup] Setting up frontend
2025-12-11 23:35:34.285 INFO (MainThread) [homeassistant.setup] Setup of domain frontend took 0.00 seconds
2025-12-11 23:35:34.285 INFO (MainThread) [homeassistant.bootstrap] Setting up stage recorder: {'recorder'}; already set up: {}
Dependencies: {}; already set up: {}
2025-12-11 23:35:34.285 INFO (MainThread) [homeassistant.setup] Setting up recorder
2025-12-11 23:35:34.286 INFO (MainThread) [homeassistant.components.http] Now listening on port 8123
2025-12-11 23:35:34.286 INFO (MainThread) [homeassistant.setup] Setup of domain http took 0.00 seconds
2025-12-11 23:35:34.304 INFO (MainThread) [homeassistant.setup] Setup of domain recorder took 0.02 seconds
2025-12-11 23:35:34.304 INFO (MainThread) [homeassistant.bootstrap] Nothing to set up in stage debugger: {'debugpy'}
2025-12-11 23:35:34.304 INFO (MainThread) [homeassistant.bootstrap] Nothing to set up in stage zeroconf: {'zeroconf'}
2025-12-11 23:35:34.304 INFO (MainThread) [homeassistant.bootstrap] Setting up stage 1: {'bluetooth', 'usb'}; already set up: {}
Dependencies: {}; already set up: {'websocket_api', 'http'}
2025-12-11 23:35:34.313 INFO (MainThread) [homeassistant.setup] Setting up usb
2025-12-11 23:35:34.313 INFO (MainThread) [homeassistant.setup] Setup of domain usb took 0.00 seconds
2025-12-11 23:35:34.315 INFO (SyncWorker_5) [homeassistant.util.package] Attempting install of bleak==1.0.1
2025-12-11 23:35:34.474 INFO (SyncWorker_5) [homeassistant.util.package] Attempting install of bleak-retry-connector==4.4.3
2025-12-11 23:35:34.643 INFO (SyncWorker_5) [homeassistant.util.package] Attempting install of habluetooth==5.7.0
2025-12-11 23:35:34.895 INFO (MainThread) [homeassistant.setup] Setting up bluetooth
2025-12-11 23:35:34.914 ERROR (MainThread) [habluetooth.manager] Missing required permissions for Bluetooth management: Missing NET_ADMIN/NET_RAW capabilities for Bluetooth management. Automatic adapter recovery is unavailable. Add NET_ADMIN and NET_RAW capabilities to the container to enable it
2025-12-11 23:35:34.914 INFO (MainThread) [homeassistant.setup] Setup of domain bluetooth took 0.02 seconds
2025-12-11 23:35:34.917 INFO (MainThread) [habluetooth.channels.bluez] Bluetooth management socket connection closed
2025-12-11 23:35:34.922 INFO (MainThread) [homeassistant.bootstrap] Setting up stage 2: {'input_button', 'sun', 'radio_browser', 'zone', 'tag', 'met', 'counter', 'history', 'google_translate', 'input_number', 'system_health', 'application_credentials', 'input_text', 'automation', 'climate', 'schedule', 'input_boolean', 'script', 'input_select', 'backup', 'template', 'hardware', 'logbook', 'adaptive_hvac', 'person', 'shopping_list', 'timer', 'analytics', 'scene', 'input_datetime'}; already set up: {'config', 'labs', 'logger', 'http', 'network', 'bluetooth', 'recorder', 'frontend'}
Dependencies: {'image_upload', 'panel_custom', 'blueprint', 'trace'}; already set up: {'repairs', 'config', 'search', 'auth', 'device_automation', 'websocket_api', 'diagnostics', 'system_log', 'file_upload', 'api', 'http', 'lovelace', 'onboarding', 'recorder', 'frontend'}
2025-12-11 23:35:34.922 INFO (MainThread) [homeassistant.setup] Setting up scene
2025-12-11 23:35:34.923 INFO (MainThread) [homeassistant.setup] Setup of domain scene took 0.00 seconds
2025-12-11 23:35:34.923 INFO (MainThread) [homeassistant.setup] Setting up backup
2025-12-11 23:35:34.923 INFO (MainThread) [homeassistant.setup] Setting up blueprint
2025-12-11 23:35:34.923 INFO (MainThread) [homeassistant.setup] Setup of domain blueprint took 0.00 seconds
2025-12-11 23:35:34.924 INFO (MainThread) [homeassistant.setup] Setting up image_upload
2025-12-11 23:35:34.924 INFO (MainThread) [homeassistant.setup] Setup of domain image_upload took 0.00 seconds
2025-12-11 23:35:34.924 INFO (MainThread) [homeassistant.setup] Setting up zone
2025-12-11 23:35:34.925 INFO (MainThread) [homeassistant.setup] Setup of domain zone took 0.00 seconds
2025-12-11 23:35:34.925 INFO (MainThread) [homeassistant.setup] Setting up history
2025-12-11 23:35:34.925 INFO (MainThread) [homeassistant.setup] Setup of domain history took 0.00 seconds
2025-12-11 23:35:34.926 INFO (MainThread) [homeassistant.setup] Setting up input_number
2025-12-11 23:35:34.926 INFO (MainThread) [homeassistant.setup] Setting up panel_custom
2025-12-11 23:35:34.926 INFO (MainThread) [homeassistant.setup] Setup of domain panel_custom took 0.00 seconds
2025-12-11 23:35:34.926 INFO (MainThread) [homeassistant.setup] Setting up trace
2025-12-11 23:35:34.926 INFO (MainThread) [homeassistant.setup] Setup of domain trace took 0.00 seconds
2025-12-11 23:35:34.926 INFO (MainThread) [homeassistant.setup] Setting up system_health
2025-12-11 23:35:34.926 INFO (MainThread) [homeassistant.setup] Setup of domain system_health took 0.00 seconds
2025-12-11 23:35:34.926 INFO (MainThread) [homeassistant.setup] Setting up logbook
2025-12-11 23:35:34.926 INFO (MainThread) [homeassistant.setup] Setup of domain logbook took 0.00 seconds
2025-12-11 23:35:34.927 INFO (MainThread) [homeassistant.setup] Setting up automation
2025-12-11 23:35:34.928 INFO (MainThread) [homeassistant.setup] Setup of domain automation took 0.00 seconds
2025-12-11 23:35:34.928 INFO (MainThread) [homeassistant.setup] Setting up person
2025-12-11 23:35:34.929 INFO (MainThread) [homeassistant.setup] Setting up script
2025-12-11 23:35:34.929 INFO (MainThread) [homeassistant.setup] Setup of domain script took 0.00 seconds
2025-12-11 23:35:34.932 INFO (MainThread) [homeassistant.setup] Setup of domain input_number took 0.01 seconds
2025-12-11 23:35:34.932 INFO (MainThread) [homeassistant.setup] Setup of domain person took 0.00 seconds
2025-12-11 23:35:34.932 INFO (MainThread) [homeassistant.setup] Setup of domain backup took 0.01 seconds
2025-12-11 23:35:34.940 INFO (MainThread) [homeassistant.components.scene] Setting up homeassistant.scene
2025-12-11 23:35:34.940 INFO (MainThread) [homeassistant.setup] Setting up input_select
2025-12-11 23:35:34.941 INFO (MainThread) [homeassistant.setup] Setup of domain input_select took 0.00 seconds
2025-12-11 23:35:34.941 INFO (MainThread) [homeassistant.setup] Setting up climate
2025-12-11 23:35:34.941 INFO (MainThread) [homeassistant.setup] Setting up sensor
2025-12-11 23:35:34.941 INFO (MainThread) [homeassistant.setup] Setup of domain sensor took 0.00 seconds
2025-12-11 23:35:34.941 INFO (MainThread) [homeassistant.setup] Setting up switch
2025-12-11 23:35:34.941 INFO (MainThread) [homeassistant.setup] Setup of domain switch took 0.00 seconds
2025-12-11 23:35:34.942 INFO (MainThread) [homeassistant.setup] Setup of domain climate took 0.00 seconds
2025-12-11 23:35:34.942 INFO (MainThread) [homeassistant.setup] Setting up input_button
2025-12-11 23:35:34.943 INFO (MainThread) [homeassistant.setup] Setup of domain input_button took 0.00 seconds
2025-12-11 23:35:34.976 INFO (MainThread) [homeassistant.setup] Setting up template
2025-12-11 23:35:34.976 INFO (MainThread) [homeassistant.setup] Setup of domain template took 0.00 seconds
2025-12-11 23:35:34.976 INFO (MainThread) [homeassistant.setup] Setting up sun
2025-12-11 23:35:34.976 INFO (MainThread) [homeassistant.setup] Setup of domain sun took 0.00 seconds
2025-12-11 23:35:34.977 INFO (MainThread) [homeassistant.setup] Setting up binary_sensor
2025-12-11 23:35:34.978 INFO (MainThread) [homeassistant.setup] Setup of domain binary_sensor took 0.00 seconds
2025-12-11 23:35:34.978 INFO (MainThread) [homeassistant.components.binary_sensor] Setting up sun.binary_sensor
2025-12-11 23:35:34.978 INFO (MainThread) [homeassistant.components.sensor] Setting up sun.sensor
2025-12-11 23:35:34.979 INFO (MainThread) [homeassistant.components.sensor] Setting up template.sensor
2025-12-11 23:35:34.979 INFO (MainThread) [homeassistant.components.sensor] Setting up template.sensor
2025-12-11 23:35:35.023 INFO (MainThread) [homeassistant.setup] Setting up radio_browser
2025-12-11 23:35:35.023 INFO (MainThread) [homeassistant.setup] Setup of domain radio_browser took 0.00 seconds
2025-12-11 23:35:35.027 INFO (MainThread) [homeassistant.setup] Setting up tag
2025-12-11 23:35:35.028 INFO (MainThread) [homeassistant.setup] Setup of domain tag took 0.00 seconds
2025-12-11 23:35:35.029 INFO (MainThread) [homeassistant.setup] Setting up met
2025-12-11 23:35:35.029 INFO (MainThread) [homeassistant.setup] Setup of domain met took 0.00 seconds
2025-12-11 23:35:35.031 INFO (MainThread) [homeassistant.setup] Setting up counter
2025-12-11 23:35:35.031 INFO (MainThread) [homeassistant.setup] Setup of domain counter took 0.00 seconds
2025-12-11 23:35:35.042 INFO (MainThread) [homeassistant.setup] Setting up google_translate
2025-12-11 23:35:35.043 INFO (MainThread) [homeassistant.setup] Setup of domain google_translate took 0.00 seconds
2025-12-11 23:35:35.049 INFO (MainThread) [homeassistant.setup] Setting up hardware
2025-12-11 23:35:35.050 INFO (MainThread) [homeassistant.setup] Setting up application_credentials
2025-12-11 23:35:35.050 INFO (MainThread) [homeassistant.setup] Setup of domain application_credentials took 0.00 seconds
2025-12-11 23:35:35.055 INFO (MainThread) [homeassistant.setup] Setting up input_text
2025-12-11 23:35:35.056 INFO (MainThread) [homeassistant.setup] Setup of domain input_text took 0.00 seconds
2025-12-11 23:35:35.066 INFO (MainThread) [homeassistant.setup] Setting up adaptive_hvac
2025-12-11 23:35:35.066 INFO (MainThread) [homeassistant.setup] Setup of domain hardware took 0.02 seconds
2025-12-11 23:35:35.071 INFO (MainThread) [homeassistant.setup] Setting up shopping_list
2025-12-11 23:35:35.071 INFO (MainThread) [homeassistant.setup] Setup of domain shopping_list took 0.00 seconds
2025-12-11 23:35:35.074 INFO (MainThread) [homeassistant.setup] Setup of domain adaptive_hvac took 0.01 seconds
2025-12-11 23:35:35.075 DEBUG (MainThread) [custom_components.adaptive_hvac.storage] Storage loaded data: {'zones': {'01KC45CM2NHGM8VCDS1DKCDKQP': {'active': True, 'week_profile': [{'start': '09:00', 'end': '17:00', 'days': ['mon']}, {'start': '09:00', 'end': '23:30', 'days': ['thu']}], 'overlays': [], 'climate_entity_id': 'climate.study', 'current_temp': 20, 'target_temp': 18, 'hvac_action': 'idle', 'hvac_mode': 'heat', 'override_end': None, 'active_overlays': []}, '01KC4W5TBY6RZGTARJFYHSC5VX': {'active': False, 'week_profile': [], 'overlays': []}, '01KC6YX6KTJW7DCJ9H5NY7KPA4': {'overlays': [{'id': 'overlay_1765491823325', 'name': 'atest', 'trigger_entity': 'input_boolean.fake_window', 'trigger_state': 'on', 'type': 'absolute', 'action': {'hvac_mode': 'off'}, 'active': True}], 'climate_entity_id': 'climate.bedroom', 'current_temp': 18, 'target_temp': 21, 'hvac_action': 'off', 'hvac_mode': 'off', 'override_end': None, 'active_overlays': ['atest'], 'week_profile': [{'start': '09:00', 'end': '23:59', 'days': ['thu']}, {'start': '09:00', 'end': '17:00', 'days': ['thu']}]}}}
2025-12-11 23:35:35.075 DEBUG (MainThread) [custom_components.adaptive_hvac.coordinator] Setting up HvacCoordinator for climate.study
2025-12-11 23:35:35.075 DEBUG (MainThread) [custom_components.adaptive_hvac.coordinator] Recalculating target for climate.study
2025-12-11 23:35:35.075 INFO (MainThread) [custom_components.adaptive_hvac.coordinator] Adjusting Mode climate.study: None -> heat
2025-12-11 23:35:35.075 WARNING (MainThread) [homeassistant.helpers.service] Referenced entities climate.study are missing or not currently available
2025-12-11 23:35:35.075 INFO (MainThread) [custom_components.adaptive_hvac.coordinator] Adjusting Temp climate.study: None -> 18.0
2025-12-11 23:35:35.075 WARNING (MainThread) [homeassistant.helpers.service] Referenced entities climate.study are missing or not currently available
2025-12-11 23:35:35.075 DEBUG (MainThread) [custom_components.adaptive_hvac.coordinator] Setting up HvacCoordinator for climate.bedroom
2025-12-11 23:35:35.075 DEBUG (MainThread) [custom_components.adaptive_hvac.coordinator] Listening to overlay triggers: {'input_boolean.fake_window'}
2025-12-11 23:35:35.076 DEBUG (MainThread) [custom_components.adaptive_hvac.coordinator] Recalculating target for climate.bedroom
2025-12-11 23:35:35.076 INFO (MainThread) [custom_components.adaptive_hvac.coordinator] Adjusting Mode climate.bedroom: None -> heat
2025-12-11 23:35:35.076 WARNING (MainThread) [homeassistant.helpers.service] Referenced entities climate.bedroom are missing or not currently available
2025-12-11 23:35:35.076 INFO (MainThread) [custom_components.adaptive_hvac.coordinator] Adjusting Temp climate.bedroom: None -> 21.0
2025-12-11 23:35:35.076 WARNING (MainThread) [homeassistant.helpers.service] Referenced entities climate.bedroom are missing or not currently available
2025-12-11 23:35:35.076 INFO (MainThread) [homeassistant.setup] Setting up timer
2025-12-11 23:35:35.077 INFO (MainThread) [homeassistant.setup] Setup of domain timer took 0.00 seconds
2025-12-11 23:35:35.078 INFO (MainThread) [homeassistant.setup] Setting up input_datetime
2025-12-11 23:35:35.078 INFO (MainThread) [homeassistant.setup] Setup of domain input_datetime took 0.00 seconds
2025-12-11 23:35:35.080 INFO (MainThread) [homeassistant.setup] Setting up schedule
2025-12-11 23:35:35.081 INFO (MainThread) [homeassistant.setup] Setup of domain schedule took 0.00 seconds
2025-12-11 23:35:35.087 INFO (MainThread) [homeassistant.setup] Setting up analytics
2025-12-11 23:35:35.087 INFO (MainThread) [homeassistant.setup] Setup of domain analytics took 0.00 seconds
2025-12-11 23:35:35.088 INFO (MainThread) [homeassistant.setup] Setting up input_boolean
2025-12-11 23:35:35.088 DEBUG (MainThread) [custom_components.adaptive_hvac.coordinator] Overlay trigger changed: input_boolean.fake_window
2025-12-11 23:35:35.088 DEBUG (MainThread) [custom_components.adaptive_hvac.coordinator] Recalculating target for climate.bedroom
2025-12-11 23:35:35.088 DEBUG (MainThread) [custom_components.adaptive_hvac.coordinator] Absolute overlay enforced OFF
2025-12-11 23:35:35.088 INFO (MainThread) [custom_components.adaptive_hvac.coordinator] Adjusting Mode climate.bedroom: None -> off
2025-12-11 23:35:35.089 WARNING (MainThread) [homeassistant.helpers.service] Referenced entities climate.bedroom are missing or not currently available
2025-12-11 23:35:35.089 DEBUG (MainThread) [custom_components.adaptive_hvac.coordinator] State is correct (Mode: None, Temp: None)
2025-12-11 23:35:35.089 INFO (MainThread) [homeassistant.setup] Setup of domain input_boolean took 0.00 seconds
2025-12-11 23:35:35.091 INFO (MainThread) [homeassistant.components.climate] Setting up generic_thermostat.climate
2025-12-11 23:35:35.092 INFO (MainThread) [homeassistant.components.climate] Setting up generic_thermostat.climate
2025-12-11 23:35:35.092 INFO (MainThread) [custom_components.adaptive_hvac.coordinator] Manual override detected on climate.study. Pausing for 30 min.
2025-12-11 23:35:35.092 DEBUG (MainThread) [custom_components.adaptive_hvac.coordinator] Recalculating target for climate.study
2025-12-11 23:35:35.092 DEBUG (MainThread) [custom_components.adaptive_hvac.coordinator] Skipping enforcement due to manual override (expires 2025-12-12 00:05:35.092433+00:00)
2025-12-11 23:35:35.092 DEBUG (MainThread) [custom_components.adaptive_hvac.coordinator] Recalculating target for climate.bedroom
2025-12-11 23:35:35.092 DEBUG (MainThread) [custom_components.adaptive_hvac.coordinator] Absolute overlay enforced OFF
2025-12-11 23:35:35.092 DEBUG (MainThread) [custom_components.adaptive_hvac.coordinator] State is correct (Mode: off, Temp: 21.0)
2025-12-11 23:35:35.096 INFO (MainThread) [homeassistant.setup] Setting up ffmpeg
2025-12-11 23:35:35.100 INFO (MainThread) [homeassistant.setup] Setting up todo
2025-12-11 23:35:35.101 INFO (MainThread) [homeassistant.setup] Setup of domain todo took 0.00 seconds
2025-12-11 23:35:35.101 INFO (MainThread) [homeassistant.components.todo] Setting up shopping_list.todo
2025-12-11 23:35:35.104 INFO (MainThread) [homeassistant.setup] Setting up event
2025-12-11 23:35:35.104 INFO (MainThread) [homeassistant.setup] Setup of domain event took 0.00 seconds
2025-12-11 23:35:35.104 INFO (MainThread) [homeassistant.components.event] Setting up backup.event
2025-12-11 23:35:35.104 INFO (MainThread) [homeassistant.components.sensor] Setting up backup.sensor
2025-12-11 23:35:35.173 INFO (MainThread) [homeassistant.setup] Setup of domain ffmpeg took 0.08 seconds
2025-12-11 23:35:35.179 INFO (MainThread) [homeassistant.setup] Setting up tts
2025-12-11 23:35:35.183 INFO (MainThread) [homeassistant.setup] Setup of domain tts took 0.00 seconds
2025-12-11 23:35:35.183 INFO (MainThread) [homeassistant.components.tts] Setting up google_translate.tts
2025-12-11 23:35:35.192 INFO (SyncWorker_4) [homeassistant.loader] Loaded esphome from homeassistant.components.esphome
2025-12-11 23:35:35.192 INFO (SyncWorker_4) [homeassistant.loader] Loaded zha from homeassistant.components.zha
2025-12-11 23:35:35.192 INFO (SyncWorker_4) [homeassistant.loader] Loaded samsungtv from homeassistant.components.samsungtv
2025-12-11 23:35:35.192 INFO (SyncWorker_4) [homeassistant.loader] Loaded androidtv_remote from homeassistant.components.androidtv_remote
2025-12-11 23:35:35.192 INFO (SyncWorker_4) [homeassistant.loader] Loaded ipp from homeassistant.components.ipp
2025-12-11 23:35:35.192 INFO (SyncWorker_4) [homeassistant.loader] Loaded cast from homeassistant.components.cast
2025-12-11 23:35:35.192 INFO (SyncWorker_4) [homeassistant.loader] Loaded shelly from homeassistant.components.shelly
2025-12-11 23:35:35.192 INFO (SyncWorker_4) [homeassistant.loader] Loaded matter from homeassistant.components.matter
2025-12-11 23:35:35.192 INFO (SyncWorker_4) [homeassistant.loader] Loaded smlight from homeassistant.components.smlight
2025-12-11 23:35:35.192 INFO (SyncWorker_4) [homeassistant.loader] Loaded brother from homeassistant.components.brother
2025-12-11 23:35:35.232 INFO (MainThread) [homeassistant.setup] Setting up weather
2025-12-11 23:35:35.232 INFO (MainThread) [homeassistant.setup] Setup of domain weather took 0.00 seconds
2025-12-11 23:35:35.232 INFO (MainThread) [homeassistant.components.weather] Setting up met.weather
2025-12-11 23:35:35.234 INFO (MainThread) [homeassistant.bootstrap] Home Assistant initialized in 1.33s
2025-12-11 23:35:35.234 INFO (MainThread) [homeassistant.core] Starting Home Assistant 2025.12.2
2025-12-11 23:35:35.243 INFO (MainThread) [custom_components.adaptive_hvac.coordinator] Manual override detected on climate.study. Pausing for 30 min.
2025-12-11 23:35:35.243 DEBUG (MainThread) [custom_components.adaptive_hvac.coordinator] Recalculating target for climate.study
2025-12-11 23:35:35.243 DEBUG (MainThread) [custom_components.adaptive_hvac.coordinator] Skipping enforcement due to manual override (expires 2025-12-12 00:05:35.243078+00:00)
2025-12-11 23:35:35.243 DEBUG (MainThread) [custom_components.adaptive_hvac.coordinator] Recalculating target for climate.bedroom
2025-12-11 23:35:35.243 DEBUG (MainThread) [custom_components.adaptive_hvac.coordinator] Absolute overlay enforced OFF
2025-12-11 23:35:35.243 DEBUG (MainThread) [custom_components.adaptive_hvac.coordinator] State is correct (Mode: off, Temp: 21.0)
2025-12-11 23:35:35.429 ERROR (SyncWorker_1) [homeassistant.components.camera.img_util] Error loading libturbojpeg; Camera snapshot performance will be sub-optimal
Traceback (most recent call last):
  File "/home/keith/ws/adaptive_hvac/.venv/lib/python3.13/site-packages/homeassistant/components/camera/img_util.py", line 93, in __init__
    TurboJPEGSingleton.__instance = TurboJPEG()
                                    ~~~~~~~~~^^
  File "/home/keith/ws/adaptive_hvac/.venv/lib/python3.13/site-packages/turbojpeg.py", line 301, in __init__
    self.__find_turbojpeg() if lib_path is None else lib_path)
    ~~~~~~~~~~~~~~~~~~~~~^^
  File "/home/keith/ws/adaptive_hvac/.venv/lib/python3.13/site-packages/turbojpeg.py", line 974, in __find_turbojpeg
    raise RuntimeError(
    ...<2 lines>...
        'e.g. jpeg = TurboJPEG(lib_path)')
RuntimeError: Unable to locate turbojpeg library automatically. You may specify the turbojpeg library path manually.
e.g. jpeg = TurboJPEG(lib_path)
2025-12-11 23:36:35.076 DEBUG (MainThread) [custom_components.adaptive_hvac.coordinator] Recalculating target for climate.study
2025-12-11 23:36:35.076 DEBUG (MainThread) [custom_components.adaptive_hvac.coordinator] Skipping enforcement due to manual override (expires 2025-12-12 00:05:35.243078+00:00)
2025-12-11 23:36:35.076 DEBUG (MainThread) [custom_components.adaptive_hvac.coordinator] Recalculating target for climate.bedroom
2025-12-11 23:36:35.076 DEBUG (MainThread) [custom_components.adaptive_hvac.coordinator] Absolute overlay enforced OFF
2025-12-11 23:36:35.076 DEBUG (MainThread) [custom_components.adaptive_hvac.coordinator] State is correct (Mode: off, Temp: 21.0)
2025-12-11 23:37:35.077 DEBUG (MainThread) [custom_components.adaptive_hvac.coordinator] Recalculating target for climate.study
2025-12-11 23:37:35.077 DEBUG (MainThread) [custom_components.adaptive_hvac.coordinator] Skipping enforcement due to manual override (expires 2025-12-12 00:05:35.243078+00:00)
2025-12-11 23:37:35.077 DEBUG (MainThread) [custom_components.adaptive_hvac.coordinator] Recalculating target for climate.bedroom
2025-12-11 23:37:35.077 DEBUG (MainThread) [custom_components.adaptive_hvac.coordinator] Absolute overlay enforced OFF
2025-12-11 23:37:35.077 DEBUG (MainThread) [custom_components.adaptive_hvac.coordinator] State is correct (Mode: off, Temp: 21.0)
